# JRE version: OpenJDK Runtime Environment (17.0.6) (build 17.0.6+0-b2043.56-10027231)
# Java VM: OpenJDK 64-Bit Server VM (17.0.6+0-b2043.56-10027231, mixed mode, tiered, compressed oops, compressed class ptrs, g1 gc, windows-amd64)
GC Precious Log:
 CPUs: 8 total, 8 available
 Memory: 16103M
 Large Page Support: Disabled
 NUMA Support: Disabled
 Compressed Oops: Enabled (32-bit)
 Heap Region Size: 1M
 Heap Min Capacity: 8M
 Heap Initial Capacity: 252M
 Heap Max Capacity: 2G
 Pre-touch: Disabled
 Parallel Workers: 8
 Concurrent Workers: 2
 Concurrent Refinement Workers: 8
 Periodic GC: Disabled
Heap:
 garbage-first heap   total 158720K, used 126961K [0x0000000080000000, 0x0000000100000000)
  region size 1024K, 50 young (51200K), 5 survivors (5120K)
 Metaspace       used 86247K, committed 86912K, reserved 1130496K
  class space    used 11575K, committed 11904K, reserved 1048576K
GC Heap History (20 events):
Event: 9.202 GC heap before
{Heap before GC invocations=18 (full 0):
 garbage-first heap   total 111616K, used 87981K [0x0000000080000000, 0x0000000100000000)
  region size 1024K, 40 young (40960K), 5 survivors (5120K)
 Metaspace       used 66524K, committed 67008K, reserved 1114112K
  class space    used 8621K, committed 8832K, reserved 1048576K
}
Event: 9.208 GC heap after
{Heap after GC invocations=19 (full 0):
 garbage-first heap   total 111616K, used 54104K [0x0000000080000000, 0x0000000100000000)
  region size 1024K, 3 young (3072K), 3 survivors (3072K)
 Metaspace       used 66524K, committed 67008K, reserved 1114112K
  class space    used 8621K, committed 8832K, reserved 1048576K
}
Event: 9.628 GC heap before
{Heap before GC invocations=19 (full 0):
 garbage-first heap   total 111616K, used 88920K [0x0000000080000000, 0x0000000100000000)
  region size 1024K, 37 young (37888K), 3 survivors (3072K)
 Metaspace       used 69316K, committed 69824K, reserved 1114112K
  class space    used 9055K, committed 9280K, reserved 1048576K
}
Event: 9.633 GC heap after
{Heap after GC invocations=20 (full 0):
 garbage-first heap   total 111616K, used 57061K [0x0000000080000000, 0x0000000100000000)
  region size 1024K, 3 young (3072K), 3 survivors (3072K)
 Metaspace       used 69316K, committed 69824K, reserved 1114112K
  class space    used 9055K, committed 9280K, reserved 1048576K
}
Event: 10.129 GC heap before
{Heap before GC invocations=21 (full 0):
 garbage-first heap   total 111616K, used 89829K [0x0000000080000000, 0x0000000100000000)
  region size 1024K, 35 young (35840K), 3 survivors (3072K)
 Metaspace       used 73218K, committed 73792K, reserved 1114112K
  class space    used 9735K, committed 9984K, reserved 1048576K
}
Event: 10.135 GC heap after
{Heap after GC invocations=22 (full 0):
 garbage-first heap   total 111616K, used 59431K [0x0000000080000000, 0x0000000100000000)
  region size 1024K, 3 young (3072K), 3 survivors (3072K)
 Metaspace       used 73218K, committed 73792K, reserved 1114112K
  class space    used 9735K, committed 9984K, reserved 1048576K
}
Event: 10.767 GC heap before
{Heap before GC invocations=22 (full 0):
 garbage-first heap   total 111616K, used 90151K [0x0000000080000000, 0x0000000100000000)
  region size 1024K, 33 young (33792K), 3 survivors (3072K)
 Metaspace       used 76664K, committed 77120K, reserved 1122304K
  class space    used 10283K, committed 10496K, reserved 1048576K
}
Event: 10.773 GC heap after
{Heap after GC invocations=23 (full 0):
 garbage-first heap   total 111616K, used 61237K [0x0000000080000000, 0x0000000100000000)
  region size 1024K, 5 young (5120K), 5 survivors (5120K)
 Metaspace       used 76664K, committed 77120K, reserved 1122304K
  class space    used 10283K, committed 10496K, reserved 1048576K
}
Event: 11.320 GC heap before
{Heap before GC invocations=24 (full 0):
 garbage-first heap   total 111616K, used 90933K [0x0000000080000000, 0x0000000100000000)
  region size 1024K, 34 young (34816K), 5 survivors (5120K)
 Metaspace       used 80046K, committed 80576K, reserved 1122304K
  class space    used 10696K, committed 10944K, reserved 1048576K
}
Event: 11.327 GC heap after
{Heap after GC invocations=25 (full 0):
 garbage-first heap   total 111616K, used 63981K [0x0000000080000000, 0x0000000100000000)
  region size 1024K, 5 young (5120K), 5 survivors (5120K)
 Metaspace       used 80046K, committed 80576K, reserved 1122304K
  class space    used 10696K, committed 10944K, reserved 1048576K
}
Event: 11.583 GC heap before
{Heap before GC invocations=25 (full 0):
 garbage-first heap   total 111616K, used 92653K [0x0000000080000000, 0x0000000100000000)
  region size 1024K, 33 young (33792K), 5 survivors (5120K)
 Metaspace       used 80397K, committed 80960K, reserved 1122304K
  class space    used 10749K, committed 11008K, reserved 1048576K
}
Event: 11.591 GC heap after
{Heap after GC invocations=26 (full 0):
 garbage-first heap   total 111616K, used 68531K [0x0000000080000000, 0x0000000100000000)
  region size 1024K, 5 young (5120K), 5 survivors (5120K)
 Metaspace       used 80397K, committed 80960K, reserved 1122304K
  class space    used 10749K, committed 11008K, reserved 1048576K
}
Event: 11.905 GC heap before
{Heap before GC invocations=27 (full 0):
 garbage-first heap   total 132096K, used 91059K [0x0000000080000000, 0x0000000100000000)
  region size 1024K, 27 young (27648K), 5 survivors (5120K)
 Metaspace       used 81922K, committed 82496K, reserved 1122304K
  class space    used 10871K, committed 11136K, reserved 1048576K
}
Event: 11.915 GC heap after
{Heap after GC invocations=28 (full 0):
 garbage-first heap   total 132096K, used 73454K [0x0000000080000000, 0x0000000100000000)
  region size 1024K, 4 young (4096K), 4 survivors (4096K)
 Metaspace       used 81922K, committed 82496K, reserved 1122304K
  class space    used 10871K, committed 11136K, reserved 1048576K
}
Event: 12.700 GC heap before
{Heap before GC invocations=28 (full 0):
 garbage-first heap   total 132096K, used 104174K [0x0000000080000000, 0x0000000100000000)
  region size 1024K, 35 young (35840K), 4 survivors (4096K)
 Metaspace       used 84200K, committed 84736K, reserved 1122304K
  class space    used 11320K, committed 11584K, reserved 1048576K
}
Event: 12.709 GC heap after
{Heap after GC invocations=29 (full 0):
 garbage-first heap   total 158720K, used 77092K [0x0000000080000000, 0x0000000100000000)
  region size 1024K, 3 young (3072K), 3 survivors (3072K)
 Metaspace       used 84200K, committed 84736K, reserved 1122304K
  class space    used 11320K, committed 11584K, reserved 1048576K
}
Event: 13.601 GC heap before
{Heap before GC invocations=30 (full 0):
 garbage-first heap   total 158720K, used 124196K [0x0000000080000000, 0x0000000100000000)
  region size 1024K, 50 young (51200K), 3 survivors (3072K)
 Metaspace       used 84816K, committed 85376K, reserved 1130496K
  class space    used 11374K, committed 11648K, reserved 1048576K
}
Event: 13.608 GC heap after
{Heap after GC invocations=31 (full 0):
 garbage-first heap   total 158720K, used 80777K [0x0000000080000000, 0x0000000100000000)
  region size 1024K, 7 young (7168K), 7 survivors (7168K)
 Metaspace       used 84816K, committed 85376K, reserved 1130496K
  class space    used 11374K, committed 11648K, reserved 1048576K
}
Event: 13.611 GC heap before
{Heap before GC invocations=31 (full 0):
 garbage-first heap   total 158720K, used 81801K [0x0000000080000000, 0x0000000100000000)
  region size 1024K, 8 young (8192K), 7 survivors (7168K)
 Metaspace       used 84822K, committed 85376K, reserved 1130496K
  class space    used 11374K, committed 11648K, reserved 1048576K
}
Event: 13.618 GC heap after
{Heap after GC invocations=32 (full 0):
 garbage-first heap   total 158720K, used 80882K [0x0000000080000000, 0x0000000100000000)
  region size 1024K, 1 young (1024K), 1 survivors (1024K)
 Metaspace       used 84822K, committed 85376K, reserved 1130496K
  class space    used 11374K, committed 11648K, reserved 1048576K
}

