# JRE version: OpenJDK Runtime Environment (17.0.6) (build 17.0.6+0-b2043.56-10027231)
# Java VM: OpenJDK 64-Bit Server VM (17.0.6+0-b2043.56-10027231, mixed mode, tiered, compressed oops, compressed class ptrs, g1 gc, windows-amd64)
GC Precious Log:
 CPUs: 8 total, 8 available
 Memory: 16103M
 Large Page Support: Disabled
 NUMA Support: Disabled
 Compressed Oops: Enabled (32-bit)
 Heap Region Size: 1M
 Heap Min Capacity: 8M
 Heap Initial Capacity: 252M
 Heap Max Capacity: 2G
 Pre-touch: Disabled
 Parallel Workers: 8
 Concurrent Workers: 2
 Concurrent Refinement Workers: 8
 Periodic GC: Disabled
Heap:
 garbage-first heap   total 122880K, used 94068K [0x0000000080000000, 0x0000000100000000)
  region size 1024K, 38 young (38912K), 4 survivors (4096K)
 Metaspace       used 77427K, committed 78016K, reserved 1122304K
  class space    used 10386K, committed 10624K, reserved 1048576K
GC Heap History (20 events):
Event: 14.412 GC heap before
{Heap before GC invocations=19 (full 0):
 garbage-first heap   total 86016K, used 62026K [0x0000000080000000, 0x0000000100000000)
  region size 1024K, 20 young (20480K), 3 survivors (3072K)
 Metaspace       used 54037K, committed 54528K, reserved 1097728K
  class space    used 7071K, committed 7296K, reserved 1048576K
}
Event: 14.416 GC heap after
{Heap after GC invocations=20 (full 0):
 garbage-first heap   total 86016K, used 46731K [0x0000000080000000, 0x0000000100000000)
  region size 1024K, 1 young (1024K), 1 survivors (1024K)
 Metaspace       used 54037K, committed 54528K, reserved 1097728K
  class space    used 7071K, committed 7296K, reserved 1048576K
}
Event: 14.815 GC heap before
{Heap before GC invocations=21 (full 0):
 garbage-first heap   total 86016K, used 64139K [0x0000000080000000, 0x0000000100000000)
  region size 1024K, 19 young (19456K), 1 survivors (1024K)
 Metaspace       used 57649K, committed 58112K, reserved 1105920K
  class space    used 7501K, committed 7680K, reserved 1048576K
}
Event: 14.818 GC heap after
{Heap after GC invocations=22 (full 0):
 garbage-first heap   total 86016K, used 47375K [0x0000000080000000, 0x0000000100000000)
  region size 1024K, 2 young (2048K), 2 survivors (2048K)
 Metaspace       used 57649K, committed 58112K, reserved 1105920K
  class space    used 7501K, committed 7680K, reserved 1048576K
}
Event: 15.246 GC heap before
{Heap before GC invocations=22 (full 0):
 garbage-first heap   total 86016K, used 65807K [0x0000000080000000, 0x0000000100000000)
  region size 1024K, 20 young (20480K), 2 survivors (2048K)
 Metaspace       used 61010K, committed 61440K, reserved 1105920K
  class space    used 7947K, committed 8128K, reserved 1048576K
}
Event: 15.251 GC heap after
{Heap after GC invocations=23 (full 0):
 garbage-first heap   total 86016K, used 48676K [0x0000000080000000, 0x0000000100000000)
  region size 1024K, 3 young (3072K), 3 survivors (3072K)
 Metaspace       used 61010K, committed 61440K, reserved 1105920K
  class space    used 7947K, committed 8128K, reserved 1048576K
}
Event: 15.657 GC heap before
{Heap before GC invocations=24 (full 0):
 garbage-first heap   total 86016K, used 67108K [0x0000000080000000, 0x0000000100000000)
  region size 1024K, 22 young (22528K), 3 survivors (3072K)
 Metaspace       used 63624K, committed 64128K, reserved 1105920K
  class space    used 8258K, committed 8512K, reserved 1048576K
}
Event: 15.663 GC heap after
{Heap after GC invocations=25 (full 0):
 garbage-first heap   total 86016K, used 51012K [0x0000000080000000, 0x0000000100000000)
  region size 1024K, 3 young (3072K), 3 survivors (3072K)
 Metaspace       used 63624K, committed 64128K, reserved 1105920K
  class space    used 8258K, committed 8512K, reserved 1048576K
}
Event: 15.967 GC heap before
{Heap before GC invocations=25 (full 0):
 garbage-first heap   total 86016K, used 67396K [0x0000000080000000, 0x0000000100000000)
  region size 1024K, 20 young (20480K), 3 survivors (3072K)
 Metaspace       used 65243K, committed 65728K, reserved 1105920K
  class space    used 8460K, committed 8704K, reserved 1048576K
}
Event: 15.971 GC heap after
{Heap after GC invocations=26 (full 0):
 garbage-first heap   total 86016K, used 52766K [0x0000000080000000, 0x0000000100000000)
  region size 1024K, 2 young (2048K), 2 survivors (2048K)
 Metaspace       used 65243K, committed 65728K, reserved 1105920K
  class space    used 8460K, committed 8704K, reserved 1048576K
}
Event: 16.085 GC heap before
{Heap before GC invocations=27 (full 0):
 garbage-first heap   total 96256K, used 56862K [0x0000000080000000, 0x0000000100000000)
  region size 1024K, 8 young (8192K), 2 survivors (2048K)
 Metaspace       used 65820K, committed 66304K, reserved 1114112K
  class space    used 8511K, committed 8704K, reserved 1048576K
}
Event: 16.088 GC heap after
{Heap after GC invocations=28 (full 0):
 garbage-first heap   total 96256K, used 53155K [0x0000000080000000, 0x0000000100000000)
  region size 1024K, 2 young (2048K), 2 survivors (2048K)
 Metaspace       used 65820K, committed 66304K, reserved 1114112K
  class space    used 8511K, committed 8704K, reserved 1048576K
}
Event: 16.497 GC heap before
{Heap before GC invocations=29 (full 0):
 garbage-first heap   total 96256K, used 78755K [0x0000000080000000, 0x0000000100000000)
  region size 1024K, 26 young (26624K), 2 survivors (2048K)
 Metaspace       used 66626K, committed 67072K, reserved 1114112K
  class space    used 8642K, committed 8832K, reserved 1048576K
}
Event: 16.503 GC heap after
{Heap after GC invocations=30 (full 0):
 garbage-first heap   total 96256K, used 55092K [0x0000000080000000, 0x0000000100000000)
  region size 1024K, 4 young (4096K), 4 survivors (4096K)
 Metaspace       used 66626K, committed 67072K, reserved 1114112K
  class space    used 8642K, committed 8832K, reserved 1048576K
}
Event: 16.845 GC heap before
{Heap before GC invocations=30 (full 0):
 garbage-first heap   total 96256K, used 77620K [0x0000000080000000, 0x0000000100000000)
  region size 1024K, 27 young (27648K), 4 survivors (4096K)
 Metaspace       used 68400K, committed 68928K, reserved 1114112K
  class space    used 8888K, committed 9152K, reserved 1048576K
}
Event: 16.851 GC heap after
{Heap after GC invocations=31 (full 0):
 garbage-first heap   total 96256K, used 56918K [0x0000000080000000, 0x0000000100000000)
  region size 1024K, 2 young (2048K), 2 survivors (2048K)
 Metaspace       used 68400K, committed 68928K, reserved 1114112K
  class space    used 8888K, committed 9152K, reserved 1048576K
}
Event: 17.363 GC heap before
{Heap before GC invocations=32 (full 0):
 garbage-first heap   total 102400K, used 78422K [0x0000000080000000, 0x0000000100000000)
  region size 1024K, 23 young (23552K), 2 survivors (2048K)
 Metaspace       used 71306K, committed 71808K, reserved 1114112K
  class space    used 9450K, committed 9664K, reserved 1048576K
}
Event: 17.367 GC heap after
{Heap after GC invocations=33 (full 0):
 garbage-first heap   total 102400K, used 58541K [0x0000000080000000, 0x0000000100000000)
  region size 1024K, 2 young (2048K), 2 survivors (2048K)
 Metaspace       used 71306K, committed 71808K, reserved 1114112K
  class space    used 9450K, committed 9664K, reserved 1048576K
}
Event: 17.817 GC heap before
{Heap before GC invocations=33 (full 0):
 garbage-first heap   total 102400K, used 83117K [0x0000000080000000, 0x0000000100000000)
  region size 1024K, 27 young (27648K), 2 survivors (2048K)
 Metaspace       used 73782K, committed 74304K, reserved 1114112K
  class space    used 9815K, committed 10048K, reserved 1048576K
}
Event: 17.822 GC heap after
{Heap after GC invocations=34 (full 0):
 garbage-first heap   total 122880K, used 60276K [0x0000000080000000, 0x0000000100000000)
  region size 1024K, 4 young (4096K), 4 survivors (4096K)
 Metaspace       used 73782K, committed 74304K, reserved 1114112K
  class space    used 9815K, committed 10048K, reserved 1048576K
}

